{"E:\\workspace_nestjs\\project-name\\src\\app.module.ts": {"path":"E:\\workspace_nestjs\\project-name\\src\\app.module.ts","statementMap":{"0":{"start":{"line":1,"column":0},"end":{"line":1,"column":48}},"1":{"start":{"line":2,"column":0},"end":{"line":2,"column":49}},"2":{"start":{"line":3,"column":0},"end":{"line":3,"column":52}},"3":{"start":{"line":4,"column":0},"end":{"line":4,"column":42}},"4":{"start":{"line":5,"column":0},"end":{"line":5,"column":50}},"5":{"start":{"line":7,"column":20},"end":{"line":7,"column":83}},"6":{"start":{"line":14,"column":0},"end":{"line":14,"column":null}},"7":{"start":{"line":14,"column":13},"end":{"line":14,"column":null}},"8":{"start":{"line":14,"column":13},"end":{"line":14,"column":22}}},"fnMap":{},"branchMap":{},"s":{"0":0,"1":0,"2":0,"3":0,"4":0,"5":0,"6":0,"7":0,"8":0},"f":{},"b":{}}
,"E:\\workspace_nestjs\\project-name\\src\\main.ts": {"path":"E:\\workspace_nestjs\\project-name\\src\\main.ts","statementMap":{"0":{"start":{"line":1,"column":0},"end":{"line":1,"column":43}},"1":{"start":{"line":2,"column":0},"end":{"line":2,"column":43}},"2":{"start":{"line":6,"column":13},"end":{"line":6,"column":48}},"3":{"start":{"line":7,"column":1},"end":{"line":7,"column":24}},"4":{"start":{"line":9,"column":1},"end":{"line":12,"column":null}},"5":{"start":{"line":10,"column":2},"end":{"line":10,"column":22}},"6":{"start":{"line":11,"column":2},"end":{"line":11,"column":40}},"7":{"start":{"line":11,"column":27},"end":{"line":11,"column":38}},"8":{"start":{"line":14,"column":0},"end":{"line":14,"column":12}}},"fnMap":{"0":{"name":"bootstrap","decl":{"start":{"line":5,"column":15},"end":{"line":5,"column":24}},"loc":{"start":{"line":5,"column":24},"end":{"line":13,"column":1}}},"1":{"name":"(anonymous_1)","decl":{"start":{"line":11,"column":21},"end":{"line":11,"column":24}},"loc":{"start":{"line":11,"column":27},"end":{"line":11,"column":38}}}},"branchMap":{"0":{"loc":{"start":{"line":9,"column":1},"end":{"line":12,"column":null}},"type":"if","locations":[{"start":{"line":9,"column":1},"end":{"line":12,"column":null}},{"start":{"line":9,"column":1},"end":{"line":12,"column":null}}]}},"s":{"0":0,"1":0,"2":0,"3":0,"4":0,"5":0,"6":0,"7":0,"8":0},"f":{"0":0,"1":0},"b":{"0":[0,0]}}
,"E:\\workspace_nestjs\\project-name\\src\\application\\application.module.ts": {"path":"E:\\workspace_nestjs\\project-name\\src\\application\\application.module.ts","statementMap":{"0":{"start":{"line":1,"column":0},"end":{"line":1,"column":48}},"1":{"start":{"line":2,"column":0},"end":{"line":2,"column":42}},"2":{"start":{"line":3,"column":0},"end":{"line":3,"column":45}},"3":{"start":{"line":5,"column":16},"end":{"line":5,"column":28}},"4":{"start":{"line":6,"column":18},"end":{"line":6,"column":30}},"5":{"start":{"line":7,"column":16},"end":{"line":7,"column":30}},"6":{"start":{"line":15,"column":0},"end":{"line":15,"column":null}},"7":{"start":{"line":15,"column":13},"end":{"line":15,"column":null}},"8":{"start":{"line":15,"column":13},"end":{"line":15,"column":30}}},"fnMap":{},"branchMap":{},"s":{"0":1,"1":1,"2":1,"3":1,"4":1,"5":1,"6":1,"7":1,"8":1},"f":{},"b":{}}
,"E:\\workspace_nestjs\\project-name\\src\\application\\index.ts": {"path":"E:\\workspace_nestjs\\project-name\\src\\application\\index.ts","statementMap":{"0":{"start":{"line":1,"column":0},"end":{"line":1,"column":28}},"1":{"start":{"line":2,"column":0},"end":{"line":2,"column":37}}},"fnMap":{},"branchMap":{},"s":{"0":1,"1":1},"f":{},"b":{}}
,"E:\\workspace_nestjs\\project-name\\src\\application\\use_cases\\app.usecase.ts": {"path":"E:\\workspace_nestjs\\project-name\\src\\application\\use_cases\\app.usecase.ts","statementMap":{"0":{"start":{"line":1,"column":0},"end":{"line":1,"column":44}},"1":{"start":{"line":2,"column":0},"end":{"line":2,"column":40}},"2":{"start":{"line":5,"column":0},"end":{"line":11,"column":null}},"3":{"start":{"line":6,"column":21},"end":{"line":6,"column":33}},"4":{"start":{"line":9,"column":2},"end":{"line":9,"column":36}},"5":{"start":{"line":5,"column":13},"end":{"line":11,"column":null}},"6":{"start":{"line":5,"column":13},"end":{"line":5,"column":23}}},"fnMap":{"0":{"name":"(anonymous_2)","decl":{"start":{"line":6,"column":1},"end":{"line":6,"column":21}},"loc":{"start":{"line":6,"column":43},"end":{"line":6,"column":47}}},"1":{"name":"(anonymous_3)","decl":{"start":{"line":8,"column":1},"end":{"line":8,"column":9}},"loc":{"start":{"line":8,"column":9},"end":{"line":10,"column":2}}}},"branchMap":{},"s":{"0":1,"1":1,"2":1,"3":1,"4":0,"5":1,"6":1},"f":{"0":1,"1":0},"b":{}}
,"E:\\workspace_nestjs\\project-name\\src\\application\\use_cases\\index.ts": {"path":"E:\\workspace_nestjs\\project-name\\src\\application\\use_cases\\index.ts","statementMap":{"0":{"start":{"line":1,"column":0},"end":{"line":1,"column":30}}},"fnMap":{},"branchMap":{},"s":{"0":1},"f":{},"b":{}}
,"E:\\workspace_nestjs\\project-name\\src\\domain\\domain.module.ts": {"path":"E:\\workspace_nestjs\\project-name\\src\\domain\\domain.module.ts","statementMap":{"0":{"start":{"line":1,"column":0},"end":{"line":1,"column":48}},"1":{"start":{"line":2,"column":0},"end":{"line":2,"column":40}},"2":{"start":{"line":4,"column":16},"end":{"line":4,"column":28}},"3":{"start":{"line":5,"column":18},"end":{"line":5,"column":30}},"4":{"start":{"line":12,"column":0},"end":{"line":12,"column":null}},"5":{"start":{"line":12,"column":13},"end":{"line":12,"column":null}},"6":{"start":{"line":12,"column":13},"end":{"line":12,"column":25}}},"fnMap":{},"branchMap":{},"s":{"0":1,"1":1,"2":1,"3":1,"4":1,"5":1,"6":1},"f":{},"b":{}}
,"E:\\workspace_nestjs\\project-name\\src\\domain\\index.ts": {"path":"E:\\workspace_nestjs\\project-name\\src\\domain\\index.ts","statementMap":{"0":{"start":{"line":1,"column":0},"end":{"line":1,"column":27}},"1":{"start":{"line":2,"column":0},"end":{"line":2,"column":24}},"2":{"start":{"line":3,"column":0},"end":{"line":3,"column":32}}},"fnMap":{},"branchMap":{},"s":{"0":1,"1":1,"2":1},"f":{},"b":{}}
,"E:\\workspace_nestjs\\project-name\\src\\domain\\model\\app.model.ts": {"path":"E:\\workspace_nestjs\\project-name\\src\\domain\\model\\app.model.ts","statementMap":{"0":{"start":{"line":5,"column":2},"end":{"line":5,"column":30}},"1":{"start":{"line":1,"column":0},"end":{"line":1,"column":13}}},"fnMap":{"0":{"name":"(anonymous_0)","decl":{"start":{"line":4,"column":1},"end":{"line":4,"column":null}},"loc":{"start":{"line":4,"column":1},"end":{"line":6,"column":2}}}},"branchMap":{},"s":{"0":0,"1":1},"f":{"0":0},"b":{}}
,"E:\\workspace_nestjs\\project-name\\src\\domain\\model\\index.ts": {"path":"E:\\workspace_nestjs\\project-name\\src\\domain\\model\\index.ts","statementMap":{"0":{"start":{"line":1,"column":0},"end":{"line":1,"column":28}},"1":{"start":{"line":2,"column":0},"end":{"line":2,"column":29}}},"fnMap":{},"branchMap":{},"s":{"0":1,"1":1},"f":{},"b":{}}
,"E:\\workspace_nestjs\\project-name\\src\\domain\\model\\user.model.ts": {"path":"E:\\workspace_nestjs\\project-name\\src\\domain\\model\\user.model.ts","statementMap":{"0":{"start":{"line":23,"column":2},"end":{"line":23,"column":15}},"1":{"start":{"line":24,"column":2},"end":{"line":24,"column":29}},"2":{"start":{"line":25,"column":2},"end":{"line":25,"column":27}},"3":{"start":{"line":26,"column":2},"end":{"line":26,"column":21}},"4":{"start":{"line":27,"column":2},"end":{"line":27,"column":27}},"5":{"start":{"line":28,"column":2},"end":{"line":28,"column":27}},"6":{"start":{"line":29,"column":2},"end":{"line":29,"column":29}},"7":{"start":{"line":30,"column":2},"end":{"line":30,"column":29}},"8":{"start":{"line":31,"column":2},"end":{"line":31,"column":29}},"9":{"start":{"line":1,"column":0},"end":{"line":1,"column":13}}},"fnMap":{"0":{"name":"(anonymous_0)","decl":{"start":{"line":12,"column":1},"end":{"line":12,"column":null}},"loc":{"start":{"line":21,"column":18},"end":{"line":32,"column":2}}}},"branchMap":{},"s":{"0":0,"1":0,"2":0,"3":0,"4":0,"5":0,"6":0,"7":0,"8":0,"9":1},"f":{"0":0},"b":{}}
,"E:\\workspace_nestjs\\project-name\\src\\domain\\services\\app.service.ts": {"path":"E:\\workspace_nestjs\\project-name\\src\\domain\\services\\app.service.ts","statementMap":{"0":{"start":{"line":1,"column":0},"end":{"line":1,"column":44}},"1":{"start":{"line":2,"column":0},"end":{"line":2,"column":38}},"2":{"start":{"line":5,"column":0},"end":{"line":10,"column":null}},"3":{"start":{"line":7,"column":19},"end":{"line":7,"column":33}},"4":{"start":{"line":8,"column":2},"end":{"line":8,"column":24}},"5":{"start":{"line":5,"column":13},"end":{"line":10,"column":null}},"6":{"start":{"line":5,"column":13},"end":{"line":5,"column":23}}},"fnMap":{"0":{"name":"(anonymous_1)","decl":{"start":{"line":6,"column":1},"end":{"line":6,"column":9}},"loc":{"start":{"line":6,"column":9},"end":{"line":9,"column":2}}}},"branchMap":{},"s":{"0":1,"1":1,"2":1,"3":0,"4":0,"5":1,"6":1},"f":{"0":0},"b":{}}
,"E:\\workspace_nestjs\\project-name\\src\\domain\\services\\index.ts": {"path":"E:\\workspace_nestjs\\project-name\\src\\domain\\services\\index.ts","statementMap":{"0":{"start":{"line":1,"column":0},"end":{"line":1,"column":30}}},"fnMap":{},"branchMap":{},"s":{"0":1},"f":{},"b":{}}
,"E:\\workspace_nestjs\\project-name\\src\\infraestructure\\index.ts": {"path":"E:\\workspace_nestjs\\project-name\\src\\infraestructure\\index.ts","statementMap":{"0":{"start":{"line":1,"column":0},"end":{"line":1,"column":31}},"1":{"start":{"line":2,"column":0},"end":{"line":2,"column":25}},"2":{"start":{"line":3,"column":0},"end":{"line":3,"column":27}}},"fnMap":{},"branchMap":{},"s":{"0":0,"1":0,"2":0},"f":{},"b":{}}
,"E:\\workspace_nestjs\\project-name\\src\\infraestructure\\infra.module.ts": {"path":"E:\\workspace_nestjs\\project-name\\src\\infraestructure\\infra.module.ts","statementMap":{"0":{"start":{"line":1,"column":0},"end":{"line":1,"column":48}},"1":{"start":{"line":2,"column":0},"end":{"line":2,"column":64}},"2":{"start":{"line":4,"column":18},"end":{"line":4,"column":39}},"3":{"start":{"line":11,"column":0},"end":{"line":11,"column":null}},"4":{"start":{"line":11,"column":13},"end":{"line":11,"column":null}},"5":{"start":{"line":11,"column":13},"end":{"line":11,"column":24}}},"fnMap":{},"branchMap":{},"s":{"0":0,"1":0,"2":0,"3":0,"4":0,"5":0},"f":{},"b":{}}
,"E:\\workspace_nestjs\\project-name\\src\\infraestructure\\database\\index.ts": {"path":"E:\\workspace_nestjs\\project-name\\src\\infraestructure\\database\\index.ts","statementMap":{"0":{"start":{"line":1,"column":0},"end":{"line":1,"column":27}}},"fnMap":{},"branchMap":{},"s":{"0":0},"f":{},"b":{}}
,"E:\\workspace_nestjs\\project-name\\src\\infraestructure\\database\\provider\\database.provider.ts": {"path":"E:\\workspace_nestjs\\project-name\\src\\infraestructure\\database\\provider\\database.provider.ts","statementMap":{"0":{"start":{"line":1,"column":0},"end":{"line":1,"column":49}},"1":{"start":{"line":2,"column":0},"end":{"line":2,"column":49}},"2":{"start":{"line":4,"column":13},"end":{"line":27,"column":2}},"3":{"start":{"line":8,"column":21},"end":{"line":18,"column":5}},"4":{"start":{"line":20,"column":3},"end":{"line":20,"column":20}}},"fnMap":{"0":{"name":"(anonymous_0)","decl":{"start":{"line":7,"column":14},"end":{"line":7,"column":19}},"loc":{"start":{"line":7,"column":25},"end":{"line":21,"column":3}}}},"branchMap":{},"s":{"0":0,"1":0,"2":0,"3":0,"4":0},"f":{"0":0},"b":{}}
,"E:\\workspace_nestjs\\project-name\\src\\infraestructure\\database\\provider\\index.ts": {"path":"E:\\workspace_nestjs\\project-name\\src\\infraestructure\\database\\provider\\index.ts","statementMap":{"0":{"start":{"line":1,"column":0},"end":{"line":1,"column":36}}},"fnMap":{},"branchMap":{},"s":{"0":0},"f":{},"b":{}}
,"E:\\workspace_nestjs\\project-name\\src\\infraestructure\\entity\\index.ts": {"path":"E:\\workspace_nestjs\\project-name\\src\\infraestructure\\entity\\index.ts","statementMap":{"0":{"start":{"line":1,"column":0},"end":{"line":1,"column":30}}},"fnMap":{},"branchMap":{},"s":{"0":0},"f":{},"b":{}}
,"E:\\workspace_nestjs\\project-name\\src\\infraestructure\\entity\\user.entity.ts": {"path":"E:\\workspace_nestjs\\project-name\\src\\infraestructure\\entity\\user.entity.ts","statementMap":{"0":{"start":{"line":1,"column":0},"end":{"line":1,"column":33}},"1":{"start":{"line":2,"column":0},"end":{"line":2,"column":null}},"2":{"start":{"line":21,"column":23},"end":{"line":84,"column":null}},"3":{"start":{"line":76,"column":2},"end":{"line":76,"column":68}},"4":{"start":{"line":76,"column":28},"end":{"line":76,"column":68}},"5":{"start":{"line":81,"column":2},"end":{"line":81,"column":68}},"6":{"start":{"line":81,"column":28},"end":{"line":81,"column":68}},"7":{"start":{"line":82,"column":2},"end":{"line":82,"column":75}},"8":{"start":{"line":25,"column":1},"end":{"line":25,"column":null}},"9":{"start":{"line":31,"column":1},"end":{"line":31,"column":null}},"10":{"start":{"line":37,"column":1},"end":{"line":37,"column":null}},"11":{"start":{"line":54,"column":1},"end":{"line":54,"column":null}},"12":{"start":{"line":45,"column":20},"end":{"line":45,"column":73}},"13":{"start":{"line":46,"column":4},"end":{"line":49,"column":null}},"14":{"start":{"line":47,"column":19},"end":{"line":47,"column":58}},"15":{"start":{"line":48,"column":5},"end":{"line":48,"column":17}},"16":{"start":{"line":50,"column":4},"end":{"line":50,"column":11}},"17":{"start":{"line":60,"column":1},"end":{"line":60,"column":null}},"18":{"start":{"line":63,"column":1},"end":{"line":63,"column":null}},"19":{"start":{"line":66,"column":1},"end":{"line":66,"column":null}},"20":{"start":{"line":69,"column":1},"end":{"line":69,"column":null}},"21":{"start":{"line":72,"column":1},"end":{"line":72,"column":null}},"22":{"start":{"line":75,"column":1},"end":{"line":77,"column":null}},"23":{"start":{"line":80,"column":1},"end":{"line":83,"column":null}},"24":{"start":{"line":21,"column":13},"end":{"line":84,"column":null}},"25":{"start":{"line":21,"column":13},"end":{"line":21,"column":23}}},"fnMap":{"0":{"name":"(anonymous_2)","decl":{"start":{"line":75,"column":8},"end":{"line":75,"column":14}},"loc":{"start":{"line":75,"column":58},"end":{"line":77,"column":2}}},"1":{"name":"(anonymous_3)","decl":{"start":{"line":80,"column":8},"end":{"line":80,"column":14}},"loc":{"start":{"line":80,"column":64},"end":{"line":83,"column":2}}},"2":{"name":"(anonymous_4)","decl":{"start":{"line":44,"column":13},"end":{"line":44,"column":18}},"loc":{"start":{"line":44,"column":62},"end":{"line":51,"column":4}}}},"branchMap":{"0":{"loc":{"start":{"line":76,"column":2},"end":{"line":76,"column":68}},"type":"if","locations":[{"start":{"line":76,"column":2},"end":{"line":76,"column":68}},{"start":{"line":76,"column":2},"end":{"line":76,"column":68}}]},"1":{"loc":{"start":{"line":81,"column":2},"end":{"line":81,"column":68}},"type":"if","locations":[{"start":{"line":81,"column":2},"end":{"line":81,"column":68}},{"start":{"line":81,"column":2},"end":{"line":81,"column":68}}]},"2":{"loc":{"start":{"line":46,"column":4},"end":{"line":49,"column":null}},"type":"if","locations":[{"start":{"line":46,"column":4},"end":{"line":49,"column":null}},{"start":{"line":46,"column":4},"end":{"line":49,"column":null}}]}},"s":{"0":0,"1":0,"2":0,"3":0,"4":0,"5":0,"6":0,"7":0,"8":0,"9":0,"10":0,"11":0,"12":0,"13":0,"14":0,"15":0,"16":0,"17":0,"18":0,"19":0,"20":0,"21":0,"22":0,"23":0,"24":0,"25":0},"f":{"0":0,"1":0,"2":0},"b":{"0":[0,0],"1":[0,0],"2":[0,0]}}
,"E:\\workspace_nestjs\\project-name\\src\\interfaces\\index.ts": {"path":"E:\\workspace_nestjs\\project-name\\src\\interfaces\\index.ts","statementMap":{"0":{"start":{"line":1,"column":0},"end":{"line":1,"column":32}},"1":{"start":{"line":2,"column":0},"end":{"line":2,"column":35}}},"fnMap":{},"branchMap":{},"s":{"0":1,"1":1},"f":{},"b":{}}
,"E:\\workspace_nestjs\\project-name\\src\\interfaces\\interface.module.ts": {"path":"E:\\workspace_nestjs\\project-name\\src\\interfaces\\interface.module.ts","statementMap":{"0":{"start":{"line":1,"column":0},"end":{"line":1,"column":48}},"1":{"start":{"line":2,"column":0},"end":{"line":2,"column":47}},"2":{"start":{"line":3,"column":0},"end":{"line":3,"column":52}},"3":{"start":{"line":5,"column":20},"end":{"line":5,"column":35}},"4":{"start":{"line":6,"column":16},"end":{"line":6,"column":35}},"5":{"start":{"line":13,"column":0},"end":{"line":13,"column":null}},"6":{"start":{"line":13,"column":13},"end":{"line":13,"column":null}},"7":{"start":{"line":13,"column":13},"end":{"line":13,"column":28}}},"fnMap":{},"branchMap":{},"s":{"0":1,"1":1,"2":1,"3":1,"4":1,"5":1,"6":1,"7":1},"f":{},"b":{}}
,"E:\\workspace_nestjs\\project-name\\src\\interfaces\\http\\index.ts": {"path":"E:\\workspace_nestjs\\project-name\\src\\interfaces\\http\\index.ts","statementMap":{"0":{"start":{"line":1,"column":0},"end":{"line":1,"column":27}}},"fnMap":{},"branchMap":{},"s":{"0":0},"f":{},"b":{}}
,"E:\\workspace_nestjs\\project-name\\src\\interfaces\\http\\resource\\app.controller.ts": {"path":"E:\\workspace_nestjs\\project-name\\src\\interfaces\\http\\resource\\app.controller.ts","statementMap":{"0":{"start":{"line":1,"column":0},"end":{"line":1,"column":49}},"1":{"start":{"line":2,"column":0},"end":{"line":2,"column":45}},"2":{"start":{"line":5,"column":0},"end":{"line":12,"column":null}},"3":{"start":{"line":6,"column":30},"end":{"line":6,"column":42}},"4":{"start":{"line":10,"column":2},"end":{"line":10,"column":36}},"5":{"start":{"line":9,"column":1},"end":{"line":11,"column":null}},"6":{"start":{"line":5,"column":13},"end":{"line":12,"column":null}},"7":{"start":{"line":5,"column":13},"end":{"line":5,"column":26}}},"fnMap":{"0":{"name":"(anonymous_2)","decl":{"start":{"line":6,"column":1},"end":{"line":6,"column":30}},"loc":{"start":{"line":6,"column":52},"end":{"line":6,"column":56}}},"1":{"name":"(anonymous_3)","decl":{"start":{"line":9,"column":1},"end":{"line":9,"column":9}},"loc":{"start":{"line":9,"column":9},"end":{"line":11,"column":2}}}},"branchMap":{},"s":{"0":1,"1":1,"2":1,"3":1,"4":1,"5":1,"6":1,"7":1},"f":{"0":1,"1":1},"b":{}}
,"E:\\workspace_nestjs\\project-name\\src\\interfaces\\http\\resource\\index.ts": {"path":"E:\\workspace_nestjs\\project-name\\src\\interfaces\\http\\resource\\index.ts","statementMap":{"0":{"start":{"line":1,"column":0},"end":{"line":1,"column":33}}},"fnMap":{},"branchMap":{},"s":{"0":1},"f":{},"b":{}}
}
